opencvlatest/build/intermediates/manifest_merge_blame_file/debug/manifest-merger-blame-debug-report.txt
1<?xml version="1.0" encoding="utf-8"?>
2<manifest xmlns:android="http://schemas.android.com/apk/res/android"
3    package="org.opencv"
4    android:versionCode="34130"
5    android:versionName="3.4.13" >
6
7    <uses-sdk
7-->opencvlatest\java\AndroidManifest.xml:7:5-74
8        android:minSdkVersion="21"
8-->opencvlatest\java\AndroidManifest.xml:7:15-41
9        android:targetSdkVersion="33" />
9-->opencvlatest\java\AndroidManifest.xml:7:42-71
10
11</manifest>